# JRE version: OpenJDK Runtime Environment (8.0_152-b01) (build 1.8.0_152-release-1248-b01)
# Java VM: OpenJDK 64-Bit Server VM (25.152-b01 mixed mode linux-amd64 compressed oops)
Heap:
 PSYoungGen      total 346624K, used 54262K [0x00000000e0000000, 0x00000000f9200000, 0x0000000100000000)
  eden space 292352K, 0% used [0x00000000e0000000,0x00000000e0000000,0x00000000f1d80000)
  from space 54272K, 99% used [0x00000000f1d80000,0x00000000f527da58,0x00000000f5280000)
  to   space 45568K, 0% used [0x00000000f5280000,0x00000000f5280000,0x00000000f7f00000)
 ParOldGen       total 161280K, used 91514K [0x00000000a0000000, 0x00000000a9d80000, 0x00000000e0000000)
  object space 161280K, 56% used [0x00000000a0000000,0x00000000a595ea18,0x00000000a9d80000)
 Metaspace       used 107043K, capacity 111320K, committed 111488K, reserved 1146880K
  class space    used 13654K, capacity 14624K, committed 14720K, reserved 1048576K
GC Heap History (10 events):
Event: 1158.315 GC heap after
Heap after GC invocations=22 (full 3):
 PSYoungGen      total 294912K, used 18383K [0x00000000e0000000, 0x00000000f3d80000, 0x0000000100000000)
  eden space 268288K, 0% used [0x00000000e0000000,0x00000000e0000000,0x00000000f0600000)
  from space 26624K, 69% used [0x00000000f0600000,0x00000000f17f3da8,0x00000000f2000000)
  to   space 27648K, 0% used [0x00000000f2280000,0x00000000f2280000,0x00000000f3d80000)
 ParOldGen       total 85504K, used 31954K [0x00000000a0000000, 0x00000000a5380000, 0x00000000e0000000)
  object space 85504K, 37% used [0x00000000a0000000,0x00000000a1f34908,0x00000000a5380000)
 Metaspace       used 79274K, capacity 82082K, committed 82304K, reserved 1120256K
  class space    used 10129K, capacity 10829K, committed 10880K, reserved 1048576K
}
Event: 1162.700 GC heap before
{Heap before GC invocations=23 (full 3):
 PSYoungGen      total 294912K, used 197623K [0x00000000e0000000, 0x00000000f3d80000, 0x0000000100000000)
  eden space 268288K, 66% used [0x00000000e0000000,0x00000000eaf0a058,0x00000000f0600000)
  from space 26624K, 69% used [0x00000000f0600000,0x00000000f17f3da8,0x00000000f2000000)
  to   space 27648K, 0% used [0x00000000f2280000,0x00000000f2280000,0x00000000f3d80000)
 ParOldGen       total 85504K, used 31954K [0x00000000a0000000, 0x00000000a5380000, 0x00000000e0000000)
  object space 85504K, 37% used [0x00000000a0000000,0x00000000a1f34908,0x00000000a5380000)
 Metaspace       used 94990K, capacity 98464K, committed 98560K, reserved 1134592K
  class space    used 12260K, capacity 13056K, committed 13056K, reserved 1048576K
Event: 1162.757 GC heap after
Heap after GC invocations=23 (full 3):
 PSYoungGen      total 282624K, used 27647K [0x00000000e0000000, 0x00000000f7d80000, 0x0000000100000000)
  eden space 254976K, 0% used [0x00000000e0000000,0x00000000e0000000,0x00000000ef900000)
  from space 27648K, 99% used [0x00000000f2280000,0x00000000f3d7ff70,0x00000000f3d80000)
  to   space 42496K, 0% used [0x00000000ef900000,0x00000000ef900000,0x00000000f2280000)
 ParOldGen       total 85504K, used 60600K [0x00000000a0000000, 0x00000000a5380000, 0x00000000e0000000)
  object space 85504K, 70% used [0x00000000a0000000,0x00000000a3b2e040,0x00000000a5380000)
 Metaspace       used 94990K, capacity 98464K, committed 98560K, reserved 1134592K
  class space    used 12260K, capacity 13056K, committed 13056K, reserved 1048576K
}
Event: 1162.757 GC heap before
{Heap before GC invocations=24 (full 4):
 PSYoungGen      total 282624K, used 27647K [0x00000000e0000000, 0x00000000f7d80000, 0x0000000100000000)
  eden space 254976K, 0% used [0x00000000e0000000,0x00000000e0000000,0x00000000ef900000)
  from space 27648K, 99% used [0x00000000f2280000,0x00000000f3d7ff70,0x00000000f3d80000)
  to   space 42496K, 0% used [0x00000000ef900000,0x00000000ef900000,0x00000000f2280000)
 ParOldGen       total 85504K, used 60600K [0x00000000a0000000, 0x00000000a5380000, 0x00000000e0000000)
  object space 85504K, 70% used [0x00000000a0000000,0x00000000a3b2e040,0x00000000a5380000)
 Metaspace       used 94990K, capacity 98464K, committed 98560K, reserved 1134592K
  class space    used 12260K, capacity 13056K, committed 13056K, reserved 1048576K
Event: 1163.200 GC heap after
Heap after GC invocations=24 (full 4):
 PSYoungGen      total 282624K, used 0K [0x00000000e0000000, 0x00000000f7d80000, 0x0000000100000000)
  eden space 254976K, 0% used [0x00000000e0000000,0x00000000e0000000,0x00000000ef900000)
  from space 27648K, 0% used [0x00000000f2280000,0x00000000f2280000,0x00000000f3d80000)
  to   space 42496K, 0% used [0x00000000ef900000,0x00000000ef900000,0x00000000f2280000)
 ParOldGen       total 161280K, used 82889K [0x00000000a0000000, 0x00000000a9d80000, 0x00000000e0000000)
  object space 161280K, 51% used [0x00000000a0000000,0x00000000a50f2570,0x00000000a9d80000)
 Metaspace       used 94963K, capacity 98376K, committed 98560K, reserved 1134592K
  class space    used 12252K, capacity 13048K, committed 13056K, reserved 1048576K
}
Event: 1166.369 GC heap before
{Heap before GC invocations=25 (full 4):
 PSYoungGen      total 282624K, used 254976K [0x00000000e0000000, 0x00000000f7d80000, 0x0000000100000000)
  eden space 254976K, 100% used [0x00000000e0000000,0x00000000ef900000,0x00000000ef900000)
  from space 27648K, 0% used [0x00000000f2280000,0x00000000f2280000,0x00000000f3d80000)
  to   space 42496K, 0% used [0x00000000ef900000,0x00000000ef900000,0x00000000f2280000)
 ParOldGen       total 161280K, used 82889K [0x00000000a0000000, 0x00000000a9d80000, 0x00000000e0000000)
  object space 161280K, 51% used [0x00000000a0000000,0x00000000a50f2570,0x00000000a9d80000)
 Metaspace       used 97434K, capacity 100964K, committed 101248K, reserved 1136640K
  class space    used 12500K, capacity 13366K, committed 13440K, reserved 1048576K
Event: 1166.434 GC heap after
Heap after GC invocations=25 (full 4):
 PSYoungGen      total 297472K, used 31206K [0x00000000e0000000, 0x00000000f7f00000, 0x0000000100000000)
  eden space 254976K, 0% used [0x00000000e0000000,0x00000000e0000000,0x00000000ef900000)
  from space 42496K, 73% used [0x00000000ef900000,0x00000000f17799b8,0x00000000f2280000)
  to   space 45568K, 0% used [0x00000000f5280000,0x00000000f5280000,0x00000000f7f00000)
 ParOldGen       total 161280K, used 82897K [0x00000000a0000000, 0x00000000a9d80000, 0x00000000e0000000)
  object space 161280K, 51% used [0x00000000a0000000,0x00000000a50f4570,0x00000000a9d80000)
 Metaspace       used 97434K, capacity 100964K, committed 101248K, reserved 1136640K
  class space    used 12500K, capacity 13366K, committed 13440K, reserved 1048576K
}
Event: 1172.026 GC heap before
{Heap before GC invocations=26 (full 4):
 PSYoungGen      total 297472K, used 286182K [0x00000000e0000000, 0x00000000f7f00000, 0x0000000100000000)
  eden space 254976K, 100% used [0x00000000e0000000,0x00000000ef900000,0x00000000ef900000)
  from space 42496K, 73% used [0x00000000ef900000,0x00000000f17799b8,0x00000000f2280000)
  to   space 45568K, 0% used [0x00000000f5280000,0x00000000f5280000,0x00000000f7f00000)
 ParOldGen       total 161280K, used 82905K [0x00000000a0000000, 0x00000000a9d80000, 0x00000000e0000000)
  object space 161280K, 51% used [0x00000000a0000000,0x00000000a50f6580,0x00000000a9d80000)
 Metaspace       used 98966K, capacity 102686K, committed 103040K, reserved 1138688K
  class space    used 12692K, capacity 13587K, committed 13696K, reserved 1048576K
Event: 1172.162 GC heap after
Heap after GC invocations=26 (full 4):
 PSYoungGen      total 337920K, used 45556K [0x00000000e0000000, 0x00000000f9200000, 0x0000000100000000)
  eden space 292352K, 0% used [0x00000000e0000000,0x00000000e0000000,0x00000000f1d80000)
  from space 45568K, 99% used [0x00000000f5280000,0x00000000f7efd300,0x00000000f7f00000)
  to   space 54272K, 0% used [0x00000000f1d80000,0x00000000f1d80000,0x00000000f5280000)
 ParOldGen       total 161280K, used 86572K [0x00000000a0000000, 0x00000000a9d80000, 0x00000000e0000000)
  object space 161280K, 53% used [0x00000000a0000000,0x00000000a548b2b8,0x00000000a9d80000)
 Metaspace       used 98966K, capacity 102686K, committed 103040K, reserved 1138688K
  class space    used 12692K, capacity 13587K, committed 13696K, reserved 1048576K
}
Event: 1183.978 GC heap before
{Heap before GC invocations=27 (full 4):
 PSYoungGen      total 337920K, used 337908K [0x00000000e0000000, 0x00000000f9200000, 0x0000000100000000)
  eden space 292352K, 100% used [0x00000000e0000000,0x00000000f1d80000,0x00000000f1d80000)
  from space 45568K, 99% used [0x00000000f5280000,0x00000000f7efd300,0x00000000f7f00000)
  to   space 54272K, 0% used [0x00000000f1d80000,0x00000000f1d80000,0x00000000f5280000)
 ParOldGen       total 161280K, used 86574K [0x00000000a0000000, 0x00000000a9d80000, 0x00000000e0000000)
  object space 161280K, 53% used [0x00000000a0000000,0x00000000a548bb68,0x00000000a9d80000)
 Metaspace       used 107043K, capacity 111320K, committed 111488K, reserved 1146880K
  class space    used 13654K, capacity 14624K, committed 14720K, reserved 1048576K

